[Jan-12-2024 00:10:08 -05:00] view summary: Output written to /Users/alippold/github/mitre/saf/test/sample_data/HDF/output/summary/rhel-8_hardened_output.json
[Jan-12-2024 00:10:08 -05:00] view summary: Output written to /Users/alippold/github/mitre/saf/test/sample_data/HDF/output/summary/rhel-8_hardened_output.yml
[Jan-12-2024 01:02:25 -05:00] view summary: Output written to /Users/alippold/github/mitre/saf/test/sample_data/HDF/output/summary/rhel-8_hardened_output.json
[Jan-12-2024 01:02:26 -05:00] view summary: Output written to /Users/alippold/github/mitre/saf/test/sample_data/HDF/output/summary/rhel-8_hardened_output.yml
[Jan-12-2024 15:12:19 -05:00] view summary: Output written to /Users/alippold/github/mitre/saf/test/sample_data/HDF/output/summary/rhel-8_hardened_output.yml
[Jan-12-2024 15:14:13 -05:00] view summary: Output written to /Users/alippold/github/mitre/saf/test/sample_data/HDF/output/summary/rhel-8_hardened_output.json
[Jan-12-2024 15:14:13 -05:00] view summary: Output written to /Users/alippold/github/mitre/saf/test/sample_data/HDF/output/summary/rhel-8_hardened_output.yml
[Jan-12-2024 15:20:40 -05:00] view summary: Output written to test.json
[Jan-12-2024 16:01:36 -05:00] view summary: Output written to test.json
[Jan-12-2024 16:37:00 -05:00] view summary: Output written to test.json
[Jan-12-2024 16:38:54 -05:00] view summary: Output written to test.json
[Jan-12-2024 16:54:04 -05:00] view summary: Output written to /Users/alippold/github/mitre/saf/test/sample_data/HDF/output/summary/rhel-8_hardened_output.json
[Jan-12-2024 16:54:04 -05:00] view summary: Output written to /Users/alippold/github/mitre/saf/test/sample_data/HDF/output/summary/rhel-8_hardened_output.yml
[Jan-12-2024 17:59:45 -05:00] view summary: Output written to /Users/alippold/github/mitre/saf/test/sample_data/HDF/output/summary/rhel-8_hardened_output.json
[Jan-12-2024 17:59:46 -05:00] view summary: Output written to /Users/alippold/github/mitre/saf/test/sample_data/HDF/output/summary/rhel-8_hardened_output.yml
[Jan-12-2024 18:00:27 -05:00] view summary: Output written to test.md
[Jan-12-2024 18:05:08 -05:00] view summary: Output written to /Users/alippold/github/mitre/saf/test/sample_data/HDF/output/summary/rhel-8_hardened_output.json
[Jan-12-2024 18:05:08 -05:00] view summary: Output written to /Users/alippold/github/mitre/saf/test/sample_data/HDF/output/summary/rhel-8_hardened_output.yml
[Jan-12-2024 18:05:08 -05:00] view summary: Output written to /Users/alippold/github/mitre/saf/test/sample_data/HDF/output/summary/rhel-8_hardened_output.md
[Jan-12-2024 18:05:09 -05:00] view summary: Output written to /Users/alippold/github/mitre/saf/test/sample_data/HDF/output/summary/rhel-8_hardened_output.json
[Jan-12-2024 18:07:52 -05:00] view summary: Output written to test.md
[Jan-12-2024 18:47:14 -05:00] view summary: Output written to test.md
[Jan-12-2024 19:47:27 -05:00] view summary: Output written to test.md
[Jan-12-2024 19:51:46 -05:00] view summary: Output written to test.md
[Jan-12-2024 19:52:16 -05:00] view summary: Output written to test.md
[Jan-12-2024 19:52:33 -05:00] view summary: Output written to test.md
[Jan-12-2024 20:03:57 -05:00] view summary: Output written to /Users/alippold/github/mitre/saf/test/sample_data/HDF/output/summary/rhel-8_hardened_output.json
[Jan-12-2024 20:03:58 -05:00] view summary: Output written to /Users/alippold/github/mitre/saf/test/sample_data/HDF/output/summary/rhel-8_hardened_output.yml
[Jan-12-2024 20:03:58 -05:00] view summary: Output written to /Users/alippold/github/mitre/saf/test/sample_data/HDF/output/summary/rhel-8_hardened_output.md
[Jan-12-2024 20:03:58 -05:00] view summary: Output written to /Users/alippold/github/mitre/saf/test/sample_data/HDF/output/summary/rhel-8_hardened_output.json
[Jan-12-2024 20:05:26 -05:00] view summary: Output written to test/sample_data/HDF/output/summary/rhel-8_hardened_output.md
[Jan-12-2024 20:05:40 -05:00] view summary: Output written to /Users/alippold/github/mitre/saf/test/sample_data/HDF/output/summary/rhel-8_hardened_output.json
[Jan-12-2024 20:05:40 -05:00] view summary: Output written to /Users/alippold/github/mitre/saf/test/sample_data/HDF/output/summary/rhel-8_hardened_output.yml
[Jan-12-2024 20:05:40 -05:00] view summary: Output written to /Users/alippold/github/mitre/saf/test/sample_data/HDF/output/summary/rhel-8_hardened_output.md
[Jan-12-2024 20:05:41 -05:00] view summary: Output written to /Users/alippold/github/mitre/saf/test/sample_data/HDF/output/summary/rhel-8_hardened_output.json
[Jan-12-2024 20:07:00 -05:00] view summary: Output written to /Users/alippold/github/mitre/saf/test/sample_data/HDF/output/summary/rhel-8_hardened_output.json
[Jan-12-2024 20:07:00 -05:00] view summary: Output written to /Users/alippold/github/mitre/saf/test/sample_data/HDF/output/summary/rhel-8_hardened_output.yml
[Jan-12-2024 20:07:00 -05:00] view summary: Output written to /Users/alippold/github/mitre/saf/test/sample_data/HDF/output/summary/rhel-8_hardened_output.md
[Jan-12-2024 20:07:00 -05:00] view summary: Output written to /Users/alippold/github/mitre/saf/test/sample_data/HDF/output/summary/rhel-8_hardened_output.json
[Jan-12-2024 20:50:12 -05:00] view summary: Output written to /Users/alippold/github/mitre/saf/test/sample_data/HDF/output/summary/rhel-8_hardened_output.json
[Jan-12-2024 20:50:12 -05:00] view summary: Output written to /Users/alippold/github/mitre/saf/test/sample_data/HDF/output/summary/rhel-8_hardened_output.yml
[Jan-12-2024 20:50:12 -05:00] view summary: Output written to /Users/alippold/github/mitre/saf/test/sample_data/HDF/output/summary/rhel-8_hardened_output.md
[Jan-12-2024 20:50:12 -05:00] view summary: Output written to /Users/alippold/github/mitre/saf/test/sample_data/HDF/output/summary/rhel-8_hardened_output.json
[Jan-12-2024 20:50:25 -05:00] view summary: Output written to /Users/alippold/github/mitre/saf/test/sample_data/HDF/output/summary/rhel-8_hardened_output.json
[Jan-12-2024 20:50:25 -05:00] view summary: Output written to /Users/alippold/github/mitre/saf/test/sample_data/HDF/output/summary/rhel-8_hardened_output.yml
[Jan-12-2024 20:50:25 -05:00] view summary: Output written to /Users/alippold/github/mitre/saf/test/sample_data/HDF/output/summary/rhel-8_hardened_output.md
[Jan-12-2024 20:50:25 -05:00] view summary: Output written to /Users/alippold/github/mitre/saf/test/sample_data/HDF/output/summary/rhel-8_hardened_output.json
[Jan-12-2024 20:51:33 -05:00] view summary: Output written to /Users/alippold/github/mitre/saf/test/sample_data/HDF/output/summary/rhel-8_hardened_output.json
[Jan-12-2024 20:51:33 -05:00] view summary: Output written to /Users/alippold/github/mitre/saf/test/sample_data/HDF/output/summary/rhel-8_hardened_output.yml
[Jan-12-2024 20:51:33 -05:00] view summary: Output written to /Users/alippold/github/mitre/saf/test/sample_data/HDF/output/summary/rhel-8_hardened_output.md
[Jan-12-2024 20:51:34 -05:00] view summary: Output written to /Users/alippold/github/mitre/saf/test/sample_data/HDF/output/summary/rhel-8_hardened_output.json
[Jan-12-2024 20:57:47 -05:00] view summary: Output written to /Users/alippold/github/mitre/saf/test/sample_data/HDF/output/summary/rhel-8_hardened_output.json
[Jan-12-2024 20:57:47 -05:00] view summary: Output written to /Users/alippold/github/mitre/saf/test/sample_data/HDF/output/summary/rhel-8_hardened_output.yml
[Jan-12-2024 20:57:47 -05:00] view summary: Output written to /Users/alippold/github/mitre/saf/test/sample_data/HDF/output/summary/rhel-8_hardened_output.md
[Jan-12-2024 20:57:48 -05:00] view summary: Output written to /Users/alippold/github/mitre/saf/test/sample_data/HDF/output/summary/rhel-8_hardened_output.json
[Jan-12-2024 20:58:34 -05:00] view summary: Output written to /Users/alippold/github/mitre/saf/test/sample_data/HDF/output/summary/rhel-8_hardened_output.json
[Jan-12-2024 20:58:34 -05:00] view summary: Output written to /Users/alippold/github/mitre/saf/test/sample_data/HDF/output/summary/rhel-8_hardened_output.yml
[Jan-12-2024 20:58:34 -05:00] view summary: Output written to /Users/alippold/github/mitre/saf/test/sample_data/HDF/output/summary/rhel-8_hardened_output.md
[Jan-12-2024 20:58:35 -05:00] view summary: Output written to /Users/alippold/github/mitre/saf/test/sample_data/HDF/output/summary/rhel-8_hardened_output.json
[Jan-12-2024 21:00:15 -05:00] view summary: Output written to /Users/alippold/github/mitre/saf/test/sample_data/HDF/output/summary/rhel-8_hardened_output.json
[Jan-12-2024 21:00:15 -05:00] view summary: Output written to /Users/alippold/github/mitre/saf/test/sample_data/HDF/output/summary/rhel-8_hardened_output.yml
[Jan-12-2024 21:00:16 -05:00] view summary: Output written to /Users/alippold/github/mitre/saf/test/sample_data/HDF/output/summary/rhel-8_hardened_output.md
[Jan-12-2024 21:00:16 -05:00] view summary: Output written to /Users/alippold/github/mitre/saf/test/sample_data/HDF/output/summary/rhel-8_hardened_output.json
[Jan-12-2024 21:30:55 -05:00] view summary: Output written to /Users/alippold/github/mitre/saf/test/sample_data/HDF/output/summary/rhel-8_hardened_output.json
[Jan-12-2024 21:30:55 -05:00] view summary: Output written to /Users/alippold/github/mitre/saf/test/sample_data/HDF/output/summary/rhel-8_hardened_output.yml
[Jan-12-2024 21:30:55 -05:00] view summary: Output written to /Users/alippold/github/mitre/saf/test/sample_data/HDF/output/summary/rhel-8_hardened_output.md
[Jan-12-2024 21:30:55 -05:00] view summary: Output written to /Users/alippold/github/mitre/saf/test/sample_data/HDF/output/summary/rhel-8_hardened_output.json
[Jan-12-2024 21:31:34 -05:00] view summary: Output written to /Users/alippold/github/mitre/saf/test/sample_data/HDF/output/summary/rhel-8_hardened_output.json
[Jan-12-2024 21:31:34 -05:00] view summary: Output written to /Users/alippold/github/mitre/saf/test/sample_data/HDF/output/summary/rhel-8_hardened_output.md
[Jan-12-2024 21:31:34 -05:00] view summary: Output written to /Users/alippold/github/mitre/saf/test/sample_data/HDF/output/summary/rhel-8_hardened_output.json
[Jan-12-2024 21:31:55 -05:00] view summary: Output written to /Users/alippold/github/mitre/saf/test/sample_data/HDF/output/summary/rhel-8_hardened_output.json
[Jan-12-2024 21:31:55 -05:00] view summary: Output written to /Users/alippold/github/mitre/saf/test/sample_data/HDF/output/summary/rhel-8_hardened_output.json
[Jan-12-2024 21:32:06 -05:00] view summary: Output written to /Users/alippold/github/mitre/saf/test/sample_data/HDF/output/summary/rhel-8_hardened_output.json
[Jan-12-2024 21:32:06 -05:00] view summary: Output written to /Users/alippold/github/mitre/saf/test/sample_data/HDF/output/summary/rhel-8_hardened_output.yml
[Jan-12-2024 21:32:07 -05:00] view summary: Output written to /Users/alippold/github/mitre/saf/test/sample_data/HDF/output/summary/rhel-8_hardened_output.json
[Jan-12-2024 21:33:00 -05:00] view summary: Output written to /Users/alippold/github/mitre/saf/test/sample_data/HDF/output/summary/rhel-8_hardened_output.json
[Jan-12-2024 21:33:00 -05:00] view summary: Output written to /Users/alippold/github/mitre/saf/test/sample_data/HDF/output/summary/rhel-8_hardened_output.yml
[Jan-12-2024 21:33:00 -05:00] view summary: Output written to /Users/alippold/github/mitre/saf/test/sample_data/HDF/output/summary/rhel-8_hardened_output.json
[Jan-12-2024 21:33:38 -05:00] view summary: Output written to /Users/alippold/github/mitre/saf/test/sample_data/HDF/output/summary/rhel-8_hardened_output.json
[Jan-12-2024 21:33:39 -05:00] view summary: Output written to /Users/alippold/github/mitre/saf/test/sample_data/HDF/output/summary/rhel-8_hardened_output.yml
[Jan-12-2024 21:33:39 -05:00] view summary: Output written to /Users/alippold/github/mitre/saf/test/sample_data/HDF/output/summary/rhel-8_hardened_output.json
[Jan-12-2024 21:36:20 -05:00] view summary: Output written to /Users/alippold/github/mitre/saf/test/sample_data/HDF/output/summary/rhel-8_hardened_output.json
[Jan-12-2024 21:36:20 -05:00] view summary: Output written to /Users/alippold/github/mitre/saf/test/sample_data/HDF/output/summary/rhel-8_hardened_output.yml
[Jan-12-2024 21:36:20 -05:00] view summary: Output written to /Users/alippold/github/mitre/saf/test/sample_data/HDF/output/summary/rhel-8_hardened_output.json
[Jan-12-2024 21:59:31 -05:00] view summary: Output written to /Users/alippold/github/mitre/saf/test/sample_data/HDF/output/summary/rhel-8_hardened_output.json
[Jan-12-2024 21:59:32 -05:00] view summary: Output written to /Users/alippold/github/mitre/saf/test/sample_data/HDF/output/summary/rhel-8_hardened_output.yml
[Jan-12-2024 21:59:32 -05:00] view summary: Output written to /Users/alippold/github/mitre/saf/test/sample_data/HDF/output/summary/rhel-8_hardened_output.json
[Jan-12-2024 22:00:21 -05:00] view summary: Output written to /Users/alippold/github/mitre/saf/test/sample_data/HDF/output/summary/rhel-8_hardened_output.json
[Jan-12-2024 22:00:21 -05:00] view summary: Output written to /Users/alippold/github/mitre/saf/test/sample_data/HDF/output/summary/rhel-8_hardened_output.yml
[Jan-12-2024 22:00:22 -05:00] view summary: Output written to /Users/alippold/github/mitre/saf/test/sample_data/HDF/output/summary/rhel-8_hardened_output.json
[Jan-12-2024 22:21:38 -05:00] view summary: Output written to /Users/alippold/github/mitre/saf/test/sample_data/HDF/output/summary/rhel-8_hardened_output.json
[Jan-12-2024 22:21:39 -05:00] view summary: Output written to /Users/alippold/github/mitre/saf/test/sample_data/HDF/output/summary/rhel-8_hardened_output.md
[Jan-12-2024 22:21:39 -05:00] view summary: Output written to /Users/alippold/github/mitre/saf/test/sample_data/HDF/output/summary/rhel-8_hardened_output.yml
[Jan-12-2024 22:21:39 -05:00] view summary: Output written to /Users/alippold/github/mitre/saf/test/sample_data/HDF/output/summary/rhel-8_hardened_output.json
[Jan-12-2024 22:23:46 -05:00] view summary: Output written to /Users/alippold/github/mitre/saf/test/sample_data/HDF/output/summary/rhel-8_hardened_output.json
[Jan-12-2024 22:23:46 -05:00] view summary: Output written to /Users/alippold/github/mitre/saf/test/sample_data/HDF/output/summary/rhel-8_hardened_output.md
[Jan-12-2024 22:23:46 -05:00] view summary: Output written to /Users/alippold/github/mitre/saf/test/sample_data/HDF/output/summary/rhel-8_hardened_output.yml
[Jan-12-2024 22:23:47 -05:00] view summary: Output written to /Users/alippold/github/mitre/saf/test/sample_data/HDF/output/summary/rhel-8_hardened_output.json
[Jan-12-2024 22:24:07 -05:00] view summary: Output written to /Users/alippold/github/mitre/saf/test/sample_data/HDF/output/summary/rhel-8_hardened_output.json
[Jan-12-2024 22:24:07 -05:00] view summary: Output written to /Users/alippold/github/mitre/saf/test/sample_data/HDF/output/summary/rhel-8_hardened_output.md
[Jan-12-2024 22:24:08 -05:00] view summary: Output written to /Users/alippold/github/mitre/saf/test/sample_data/HDF/output/summary/rhel-8_hardened_output.yml
[Jan-12-2024 22:24:08 -05:00] view summary: Output written to /Users/alippold/github/mitre/saf/test/sample_data/HDF/output/summary/rhel-8_hardened_output.json
[Jan-12-2024 22:24:29 -05:00] view summary: Output written to /Users/alippold/github/mitre/saf/test/sample_data/HDF/output/summary/rhel-8_hardened_output.json
[Jan-12-2024 22:24:30 -05:00] view summary: Output written to /Users/alippold/github/mitre/saf/test/sample_data/HDF/output/summary/rhel-8_hardened_output.md
[Jan-12-2024 22:24:30 -05:00] view summary: Output written to /Users/alippold/github/mitre/saf/test/sample_data/HDF/output/summary/rhel-8_hardened_output.yml
[Jan-12-2024 22:24:30 -05:00] view summary: Output written to /Users/alippold/github/mitre/saf/test/sample_data/HDF/output/summary/rhel-8_hardened_output.json
[Jan-12-2024 22:53:58 -05:00] view summary: Output written to generatedMD.md
[Jan-12-2024 22:58:00 -05:00] view summary: Output written to generatedMD.md
[Jan-12-2024 23:01:53 -05:00] view summary: Output written to generatedMD.md
[Jan-12-2024 23:04:37 -05:00] view summary: Output written to generatedMD.md
[Jan-12-2024 23:20:53 -05:00] view summary: Output written to generatedMD.md
[Jan-12-2024 23:20:54 -05:00] View Summary: Unexpected argument: false
See more help with --help
[Jan-12-2024 23:28:48 -05:00] view summary: Output written to generatedMD.md
[Jan-12-2024 23:28:49 -05:00] View Summary: Unexpected argument: false
See more help with --help
[Jan-12-2024 23:30:45 -05:00] view summary: Output written to generatedMD.md
[Jan-12-2024 23:30:46 -05:00] View Summary: Unexpected argument: false
See more help with --help
[Jan-12-2024 23:33:00 -05:00] view summary: Output written to generatedMD.md
[Jan-12-2024 23:33:01 -05:00] View Summary: Unexpected argument: false
See more help with --help
[Jan-12-2024 23:33:02 -05:00] view summary: logger is not defined
[Jan-12-2024 23:33:17 -05:00] view summary: Output written to generatedMD.md
[Jan-12-2024 23:33:18 -05:00] View Summary: Unexpected argument: false
See more help with --help
[Jan-12-2024 23:33:18 -05:00] view summary: Log level is set to error
[Jan-12-2024 23:34:20 -05:00] view summary: Output written to generatedMD.md
[Jan-12-2024 23:34:21 -05:00] View Summary: Unexpected argument: false
See more help with --help
[Jan-12-2024 23:34:21 -05:00] view summary: Log level is set to error
[Jan-12-2024 23:35:42 -05:00] view summary: Output written to generatedMD.md
[Jan-12-2024 23:35:43 -05:00] view summary: Log level is set to error
[Jan-12-2024 23:45:05 -05:00] view summary: Output written to generatedMD.md
[Jan-12-2024 23:45:06 -05:00] view summary: Log level is set to error
[Jan-12-2024 23:50:48 -05:00] view summary: Output written to generatedMD.md
[Jan-12-2024 23:50:49 -05:00] view summary: Log level is set to error
[Jan-12-2024 23:50:59 -05:00] view summary: Output written to generatedMD.md
[Jan-12-2024 23:51:00 -05:00] view summary: Log level is set to error
[Jan-12-2024 23:52:13 -05:00] view summary: Output written to generatedMD.md
[Jan-12-2024 23:52:14 -05:00] view summary: Log level is set to error
[Jan-12-2024 23:53:05 -05:00] view summary: Output written to generatedMD.md
[Jan-12-2024 23:53:06 -05:00] view summary: Log level is set to error
[Jan-12-2024 23:53:18 -05:00] view summary: Output written to generatedMD.md
[Jan-12-2024 23:53:19 -05:00] view summary: Log level is set to error
[Jan-12-2024 23:54:16 -05:00] view summary: Output written to generatedMD.md
[Jan-12-2024 23:54:17 -05:00] view summary: Log level is set to error
[Jan-12-2024 23:54:56 -05:00] view summary: Output written to generatedMD.md
[Jan-12-2024 23:54:57 -05:00] view summary: Log level is set to error
[Jan-12-2024 23:55:08 -05:00] view summary: Output written to generatedMD.md
[Jan-12-2024 23:55:09 -05:00] view summary: Log level is set to error
[Jan-12-2024 23:55:16 -05:00] view summary: Output written to generatedMD.md
[Jan-12-2024 23:55:17 -05:00] view summary: Log level is set to error
[Jan-12-2024 23:55:51 -05:00] view summary: Output written to generatedMD.md
[Jan-12-2024 23:55:52 -05:00] view summary: Log level is set to error
[Jan-12-2024 23:56:22 -05:00] view summary: Output written to generatedMD.md
[Jan-12-2024 23:56:23 -05:00] view summary: Log level is set to error
[Jan-13-2024 00:04:23 -05:00] view summary: Output written to generatedMD.md
[Jan-13-2024 00:04:24 -05:00] view summary: Log level is set to error
[Jan-13-2024 00:04:31 -05:00] view summary: Output written to generatedMD.md
[Jan-13-2024 00:04:32 -05:00] view summary: Log level is set to error
[Jan-13-2024 00:05:00 -05:00] View Summary: Nonexistent flag: --log-level
See more help with --help
[Jan-13-2024 00:05:13 -05:00] View Summary: Nonexistent flag: --loglevel
See more help with --help
[Jan-13-2024 00:08:34 -05:00] view summary: getting the exec JSONs
[Jan-13-2024 00:08:54 -05:00] view summary: getting the exec JSONs
[Jan-13-2024 00:19:08 -05:00] view summary: In loadExecJSONs
[Jan-13-2024 00:19:08 -05:00] view summary: got the exec JSONs
[Jan-13-2024 00:19:08 -05:00] view summary: In calculateSummariesForExecJSONs
[Jan-13-2024 00:19:08 -05:00] view summary: In calculateComplianceScoresForExecJSONs
[Jan-13-2024 00:19:08 -05:00] view summary: In calculateTotalCounts
[Jan-13-2024 00:19:08 -05:00] view summary: calulated the summaries
[Jan-13-2024 00:19:08 -05:00] view summary: In calculateTotalCountsForSummaries
[Jan-13-2024 00:19:08 -05:00] view summary: calulated the total counts for the summaries
[Jan-13-2024 00:19:08 -05:00] view summary: In calculateComplianceScoresForExecJSONs
[Jan-13-2024 00:19:08 -05:00] view summary: calulated the compliance scores
[Jan-13-2024 00:19:08 -05:00] view summary: In createPrintableSummary
[Jan-13-2024 00:19:08 -05:00] view summary: In extractResultSets
[Jan-13-2024 00:19:08 -05:00] view summary: generated the printable summmaries
[Jan-13-2024 00:19:08 -05:00] view summary: In printAndWriteOutput
[Jan-13-2024 00:19:08 -05:00] view summary: printed and wrote the output
[Jan-13-2024 00:20:11 -05:00] view summary: In loadExecJSONs
[Jan-13-2024 00:20:11 -05:00] view summary: got the exec JSONs
[Jan-13-2024 00:20:11 -05:00] view summary: In calculateSummariesForExecJSONs
[Jan-13-2024 00:20:11 -05:00] view summary: In calculateComplianceScoresForExecJSONs
[Jan-13-2024 00:20:11 -05:00] view summary: In calculateTotalCounts
[Jan-13-2024 00:20:11 -05:00] view summary: calulated the summaries
[Jan-13-2024 00:20:11 -05:00] view summary: In calculateTotalCountsForSummaries
[Jan-13-2024 00:20:11 -05:00] view summary: calulated the total counts for the summaries
[Jan-13-2024 00:20:11 -05:00] view summary: In calculateComplianceScoresForExecJSONs
[Jan-13-2024 00:20:11 -05:00] view summary: calulated the compliance scores
[Jan-13-2024 00:20:11 -05:00] view summary: In createPrintableSummary
[Jan-13-2024 00:20:11 -05:00] view summary: In extractResultSets
[Jan-13-2024 00:20:11 -05:00] view summary: generated the printable summmaries
[Jan-13-2024 00:20:11 -05:00] view summary: In printAndWriteOutput
[Jan-13-2024 00:20:11 -05:00] view summary: printed and wrote the output
[Jan-13-2024 00:20:35 -05:00] view summary: In loadExecJSONs
[Jan-13-2024 00:20:35 -05:00] view summary: got the exec JSONs
[Jan-13-2024 00:20:35 -05:00] view summary: In calculateSummariesForExecJSONs
[Jan-13-2024 00:20:35 -05:00] view summary: In calculateComplianceScoresForExecJSONs
[Jan-13-2024 00:20:35 -05:00] view summary: In calculateTotalCounts
[Jan-13-2024 00:20:35 -05:00] view summary: calulated the summaries
[Jan-13-2024 00:20:35 -05:00] view summary: In calculateTotalCountsForSummaries
[Jan-13-2024 00:20:35 -05:00] view summary: calulated the total counts for the summaries
[Jan-13-2024 00:20:35 -05:00] view summary: In calculateComplianceScoresForExecJSONs
[Jan-13-2024 00:20:35 -05:00] view summary: calulated the compliance scores
[Jan-13-2024 00:20:35 -05:00] view summary: In createPrintableSummary
[Jan-13-2024 00:20:35 -05:00] view summary: In extractResultSets
[Jan-13-2024 00:20:35 -05:00] view summary: generated the printable summmaries
[Jan-13-2024 00:20:35 -05:00] view summary: In printAndWriteOutput
[Jan-13-2024 00:20:35 -05:00] view summary: printed and wrote the output
[Jan-13-2024 00:21:11 -05:00] view summary: In loadExecJSONs
[Jan-13-2024 00:21:11 -05:00] view summary: got the exec JSONs
[Jan-13-2024 00:21:11 -05:00] view summary: In calculateSummariesForExecJSONs
[Jan-13-2024 00:21:11 -05:00] view summary: In calculateComplianceScoresForExecJSONs
[Jan-13-2024 00:21:11 -05:00] view summary: In calculateTotalCounts
[Jan-13-2024 00:21:11 -05:00] view summary: calulated the summaries
[Jan-13-2024 00:21:11 -05:00] view summary: In calculateTotalCountsForSummaries
[Jan-13-2024 00:21:11 -05:00] view summary: calulated the total counts for the summaries
[Jan-13-2024 00:21:11 -05:00] view summary: In calculateComplianceScoresForExecJSONs
[Jan-13-2024 00:21:11 -05:00] view summary: calulated the compliance scores
[Jan-13-2024 00:21:11 -05:00] view summary: In createPrintableSummary
[Jan-13-2024 00:21:11 -05:00] view summary: In extractResultSets
[Jan-13-2024 00:21:11 -05:00] view summary: generated the printable summmaries
[Jan-13-2024 00:21:11 -05:00] view summary: In printAndWriteOutput
[Jan-13-2024 00:21:11 -05:00] view summary: printed and wrote the output
[Jan-13-2024 00:21:22 -05:00] view summary: In loadExecJSONs
[Jan-13-2024 00:21:22 -05:00] view summary: got the exec JSONs
[Jan-13-2024 00:21:22 -05:00] view summary: In calculateSummariesForExecJSONs
[Jan-13-2024 00:21:22 -05:00] view summary: In calculateComplianceScoresForExecJSONs
[Jan-13-2024 00:21:22 -05:00] view summary: In calculateTotalCounts
[Jan-13-2024 00:21:22 -05:00] view summary: calulated the summaries
[Jan-13-2024 00:21:22 -05:00] view summary: In calculateTotalCountsForSummaries
[Jan-13-2024 00:21:22 -05:00] view summary: calulated the total counts for the summaries
[Jan-13-2024 00:21:22 -05:00] view summary: In calculateComplianceScoresForExecJSONs
[Jan-13-2024 00:21:22 -05:00] view summary: calulated the compliance scores
[Jan-13-2024 00:21:22 -05:00] view summary: In createPrintableSummary
[Jan-13-2024 00:21:22 -05:00] view summary: In extractResultSets
[Jan-13-2024 00:21:22 -05:00] view summary: generated the printable summmaries
[Jan-13-2024 00:21:22 -05:00] view summary: In printAndWriteOutput
[Jan-13-2024 00:21:22 -05:00] view summary: printed and wrote the output
[Jan-13-2024 00:25:28 -05:00] view summary: In loadExecJSONs
[Jan-13-2024 00:25:28 -05:00] view summary: got the exec JSONs
[Jan-13-2024 00:25:28 -05:00] view summary: In calculateSummariesForExecJSONs
[Jan-13-2024 00:25:28 -05:00] view summary: In calculateComplianceScoresForExecJSONs
[Jan-13-2024 00:25:28 -05:00] view summary: In calculateTotalCounts
[Jan-13-2024 00:25:28 -05:00] view summary: calulated the summaries
[Jan-13-2024 00:25:28 -05:00] view summary: In calculateTotalCountsForSummaries
[Jan-13-2024 00:25:28 -05:00] view summary: calulated the total counts for the summaries
[Jan-13-2024 00:25:28 -05:00] view summary: In calculateComplianceScoresForExecJSONs
[Jan-13-2024 00:25:28 -05:00] view summary: calulated the compliance scores
[Jan-13-2024 00:25:28 -05:00] view summary: calculated the compliance scores for: redhat-enterprise-linux-8-stig-baseline
[Jan-13-2024 00:25:28 -05:00] view summary: In createPrintableSummary
[Jan-13-2024 00:25:28 -05:00] view summary: In extractResultSets
[Jan-13-2024 00:25:28 -05:00] view summary: generated the printable summmaries
[Jan-13-2024 00:25:28 -05:00] view summary: In printAndWriteOutput
[Jan-13-2024 00:25:28 -05:00] view summary: printed and wrote the output
[Jan-13-2024 00:26:42 -05:00] view summary: In loadExecJSONs
[Jan-13-2024 00:26:42 -05:00] view summary: got the exec JSONs
[Jan-13-2024 00:26:42 -05:00] view summary: In calculateSummariesForExecJSONs
[Jan-13-2024 00:26:42 -05:00] view summary: In calculateComplianceScoresForExecJSONs
[Jan-13-2024 00:26:42 -05:00] view summary: In calculateTotalCounts
[Jan-13-2024 00:26:42 -05:00] view summary: calulated the summaries
[Jan-13-2024 00:26:42 -05:00] view summary: In calculateTotalCountsForSummaries
[Jan-13-2024 00:26:42 -05:00] view summary: calulated the total counts for the summaries
[Jan-13-2024 00:26:42 -05:00] view summary: In calculateComplianceScoresForExecJSONs
[Jan-13-2024 00:26:42 -05:00] view summary: calulated the compliance scores
[Jan-13-2024 00:26:42 -05:00] view summary: calculated the compliance scores for: cms-ars-3.1-moderate-aws-rds-oracle-database-12c-stig-overlay
[Jan-13-2024 00:26:42 -05:00] view summary: In createPrintableSummary
[Jan-13-2024 00:26:42 -05:00] view summary: In extractResultSets
[Jan-13-2024 00:26:42 -05:00] view summary: generated the printable summmaries
[Jan-13-2024 00:26:42 -05:00] view summary: In printAndWriteOutput
[Jan-13-2024 00:26:42 -05:00] view summary: printed and wrote the output
[Jan-13-2024 00:27:50 -05:00] view summary: In loadExecJSONs
[Jan-13-2024 00:27:50 -05:00] view summary: got the exec JSONs
[Jan-13-2024 00:27:50 -05:00] view summary: In calculateSummariesForExecJSONs
[Jan-13-2024 00:27:50 -05:00] view summary: In calculateComplianceScoresForExecJSONs
[Jan-13-2024 00:27:50 -05:00] view summary: In calculateTotalCounts
[Jan-13-2024 00:27:50 -05:00] view summary: In calculateComplianceScoresForExecJSONs
[Jan-13-2024 00:27:50 -05:00] view summary: In calculateTotalCounts
[Jan-13-2024 00:27:50 -05:00] view summary: In calculateComplianceScoresForExecJSONs
[Jan-13-2024 00:27:50 -05:00] view summary: In calculateTotalCounts
[Jan-13-2024 00:27:50 -05:00] view summary: calulated the summaries
[Jan-13-2024 00:27:50 -05:00] view summary: In calculateTotalCountsForSummaries
[Jan-13-2024 00:27:50 -05:00] view summary: calulated the total counts for the summaries
[Jan-13-2024 00:27:50 -05:00] view summary: In calculateComplianceScoresForExecJSONs
[Jan-13-2024 00:27:50 -05:00] view summary: calulated the compliance scores
[Jan-13-2024 00:27:50 -05:00] view summary: calculated the compliance scores for: vmware-vsphere-8.0-stig-baseline
[Jan-13-2024 00:27:50 -05:00] view summary: In createPrintableSummary
[Jan-13-2024 00:27:50 -05:00] view summary: In extractResultSets
[Jan-13-2024 00:27:50 -05:00] view summary: calculated the compliance scores for: Red Hat Enterprise Linux 7 STIG
[Jan-13-2024 00:27:50 -05:00] view summary: In createPrintableSummary
[Jan-13-2024 00:27:50 -05:00] view summary: In extractResultSets
[Jan-13-2024 00:27:50 -05:00] view summary: calculated the compliance scores for: test_inspec_profile
[Jan-13-2024 00:27:50 -05:00] view summary: In createPrintableSummary
[Jan-13-2024 00:27:50 -05:00] view summary: In extractResultSets
[Jan-13-2024 00:27:50 -05:00] view summary: generated the printable summmaries
[Jan-13-2024 00:27:50 -05:00] view summary: In printAndWriteOutput
[Jan-13-2024 00:27:50 -05:00] view summary: printed and wrote the output
[Jan-13-2024 00:28:15 -05:00] view summary: In loadExecJSONs
[Jan-13-2024 00:28:15 -05:00] view summary: got the exec JSONs
[Jan-13-2024 00:28:15 -05:00] view summary: In calculateSummariesForExecJSONs
[Jan-13-2024 00:28:15 -05:00] view summary: In calculateComplianceScoresForExecJSONs
[Jan-13-2024 00:28:15 -05:00] view summary: In calculateTotalCounts
[Jan-13-2024 00:28:15 -05:00] view summary: In calculateComplianceScoresForExecJSONs
[Jan-13-2024 00:28:15 -05:00] view summary: In calculateTotalCounts
[Jan-13-2024 00:28:15 -05:00] view summary: In calculateComplianceScoresForExecJSONs
[Jan-13-2024 00:28:15 -05:00] view summary: In calculateTotalCounts
[Jan-13-2024 00:28:15 -05:00] view summary: calulated the summaries
[Jan-13-2024 00:28:15 -05:00] view summary: In calculateTotalCountsForSummaries
[Jan-13-2024 00:28:15 -05:00] view summary: calulated the total counts for the summaries
[Jan-13-2024 00:28:15 -05:00] view summary: In calculateComplianceScoresForExecJSONs
[Jan-13-2024 00:28:15 -05:00] view summary: calulated the compliance scores
[Jan-13-2024 00:28:15 -05:00] view summary: calculated the compliance scores for: vmware-vsphere-8.0-stig-baseline
[Jan-13-2024 00:28:15 -05:00] view summary: In createPrintableSummary
[Jan-13-2024 00:28:15 -05:00] view summary: In extractResultSets
[Jan-13-2024 00:28:15 -05:00] view summary: calculated the compliance scores for: Red Hat Enterprise Linux 7 STIG
[Jan-13-2024 00:28:15 -05:00] view summary: In createPrintableSummary
[Jan-13-2024 00:28:15 -05:00] view summary: In extractResultSets
[Jan-13-2024 00:28:15 -05:00] view summary: calculated the compliance scores for: test_inspec_profile
[Jan-13-2024 00:28:15 -05:00] view summary: In createPrintableSummary
[Jan-13-2024 00:28:15 -05:00] view summary: In extractResultSets
[Jan-13-2024 00:28:15 -05:00] view summary: generated the printable summmaries
[Jan-13-2024 00:28:15 -05:00] view summary: In printAndWriteOutput
[Jan-13-2024 00:28:15 -05:00] view summary: In convertTomarkdown
[Jan-13-2024 00:28:15 -05:00] view summary: In generateMarkdownTableRow
[Jan-13-2024 00:28:15 -05:00] view summary: In generateMarkdownTableRow
[Jan-13-2024 00:28:15 -05:00] view summary: In generateMarkdownTableRow
[Jan-13-2024 00:28:15 -05:00] view summary: In generateMarkdownTableRow
[Jan-13-2024 00:28:15 -05:00] view summary: In generateMarkdownTableRow
[Jan-13-2024 00:28:15 -05:00] view summary: In generateMarkdownTableRow
[Jan-13-2024 00:28:15 -05:00] view summary: printed and wrote the output
[Jan-13-2024 00:36:56 -05:00] view summary: In loadExecJSONs
[Jan-13-2024 00:36:56 -05:00] view summary: got the exec JSONs
[Jan-13-2024 00:36:56 -05:00] view summary: In calculateSummariesForExecJSONs
[Jan-13-2024 00:36:56 -05:00] view summary: In calculateComplianceScoresForExecJSONs
[Jan-13-2024 00:36:56 -05:00] view summary: In calculateTotalCounts
[Jan-13-2024 00:36:56 -05:00] view summary: In calculateComplianceScoresForExecJSONs
[Jan-13-2024 00:36:56 -05:00] view summary: In calculateTotalCounts
[Jan-13-2024 00:36:56 -05:00] view summary: In calculateComplianceScoresForExecJSONs
[Jan-13-2024 00:36:56 -05:00] view summary: In calculateTotalCounts
[Jan-13-2024 00:36:56 -05:00] view summary: calulated the summaries
[Jan-13-2024 00:36:56 -05:00] view summary: In calculateTotalCountsForSummaries
[Jan-13-2024 00:36:56 -05:00] view summary: calulated the total counts for the summaries
[Jan-13-2024 00:36:56 -05:00] view summary: In calculateComplianceScoresForExecJSONs
[Jan-13-2024 00:36:56 -05:00] view summary: calulated the compliance scores
[Jan-13-2024 00:36:56 -05:00] view summary: calculated the compliance scores for: vmware-vsphere-8.0-stig-baseline
[Jan-13-2024 00:36:56 -05:00] view summary: In createPrintableSummary
[Jan-13-2024 00:36:56 -05:00] view summary: In extractResultSets
[Jan-13-2024 00:36:56 -05:00] view summary: calculated the compliance scores for: Red Hat Enterprise Linux 7 STIG
[Jan-13-2024 00:36:56 -05:00] view summary: In createPrintableSummary
[Jan-13-2024 00:36:56 -05:00] view summary: In extractResultSets
[Jan-13-2024 00:36:56 -05:00] view summary: calculated the compliance scores for: test_inspec_profile
[Jan-13-2024 00:36:56 -05:00] view summary: In createPrintableSummary
[Jan-13-2024 00:36:56 -05:00] view summary: In extractResultSets
[Jan-13-2024 00:36:56 -05:00] view summary: generated the printable summmaries
[Jan-13-2024 00:36:56 -05:00] view summary: In printAndWriteOutput
[Jan-13-2024 00:36:56 -05:00] view summary: In convertTomarkdown
[Jan-13-2024 00:36:56 -05:00] view summary: In generateMarkdownTableRow
[Jan-13-2024 00:36:56 -05:00] view summary: In generateMarkdownTableRow
[Jan-13-2024 00:36:56 -05:00] view summary: In generateMarkdownTableRow
[Jan-13-2024 00:36:56 -05:00] view summary: In generateMarkdownTableRow
[Jan-13-2024 00:36:56 -05:00] view summary: In generateMarkdownTableRow
[Jan-13-2024 00:36:56 -05:00] view summary: In generateMarkdownTableRow
[Jan-13-2024 00:36:56 -05:00] view summary: printed and wrote the output
[Jan-13-2024 00:39:39 -05:00] view summary: In loadExecJSONs
[Jan-13-2024 00:39:39 -05:00] view summary: got the exec JSONs
[Jan-13-2024 00:39:39 -05:00] view summary: In calculateSummariesForExecJSONs
[Jan-13-2024 00:39:39 -05:00] view summary: In calculateComplianceScoresForExecJSONs
[Jan-13-2024 00:39:39 -05:00] view summary: In calculateTotalCounts
[Jan-13-2024 00:39:39 -05:00] view summary: In calculateComplianceScoresForExecJSONs
[Jan-13-2024 00:39:39 -05:00] view summary: In calculateTotalCounts
[Jan-13-2024 00:39:39 -05:00] view summary: In calculateComplianceScoresForExecJSONs
[Jan-13-2024 00:39:39 -05:00] view summary: In calculateTotalCounts
[Jan-13-2024 00:39:39 -05:00] view summary: calulated the summaries
[Jan-13-2024 00:39:39 -05:00] view summary: In calculateTotalCountsForSummaries
[Jan-13-2024 00:39:39 -05:00] view summary: calulated the total counts for the summaries
[Jan-13-2024 00:39:39 -05:00] view summary: In calculateComplianceScoresForExecJSONs
[Jan-13-2024 00:39:39 -05:00] view summary: calulated the compliance scores
[Jan-13-2024 00:39:39 -05:00] view summary: build the printable summaries for: vmware-vsphere-8.0-stig-baseline
[Jan-13-2024 00:39:39 -05:00] view summary: In createPrintableSummary
[Jan-13-2024 00:39:39 -05:00] view summary: In extractResultSets
[Jan-13-2024 00:39:39 -05:00] view summary: build the printable summaries for: Red Hat Enterprise Linux 7 STIG
[Jan-13-2024 00:39:39 -05:00] view summary: In createPrintableSummary
[Jan-13-2024 00:39:39 -05:00] view summary: In extractResultSets
[Jan-13-2024 00:39:39 -05:00] view summary: build the printable summaries for: test_inspec_profile
[Jan-13-2024 00:39:39 -05:00] view summary: In createPrintableSummary
[Jan-13-2024 00:39:39 -05:00] view summary: In extractResultSets
[Jan-13-2024 00:39:39 -05:00] view summary: generated the printable summmaries
[Jan-13-2024 00:39:39 -05:00] view summary: In printAndWriteOutput
[Jan-13-2024 00:39:39 -05:00] view summary: In convertTomarkdown
[Jan-13-2024 00:39:39 -05:00] view summary: In generateMarkdownTableRow
[Jan-13-2024 00:39:39 -05:00] view summary: In generateMarkdownTableRow
[Jan-13-2024 00:39:39 -05:00] view summary: In generateMarkdownTableRow
[Jan-13-2024 00:39:39 -05:00] view summary: In generateMarkdownTableRow
[Jan-13-2024 00:39:39 -05:00] view summary: In generateMarkdownTableRow
[Jan-13-2024 00:39:39 -05:00] view summary: In generateMarkdownTableRow
[Jan-13-2024 00:39:39 -05:00] view summary: [object Object]
[Jan-13-2024 00:39:39 -05:00] view summary: In generateMarkdownTableRow
[Jan-13-2024 00:39:39 -05:00] view summary: In generateMarkdownTableRow
[Jan-13-2024 00:39:39 -05:00] view summary: In generateMarkdownTableRow
[Jan-13-2024 00:39:39 -05:00] view summary: In generateMarkdownTableRow
[Jan-13-2024 00:39:39 -05:00] view summary: In generateMarkdownTableRow
[Jan-13-2024 00:39:39 -05:00] view summary: In generateMarkdownTableRow
[Jan-13-2024 00:39:39 -05:00] view summary: [object Object]
[Jan-13-2024 00:39:39 -05:00] view summary: In generateMarkdownTableRow
[Jan-13-2024 00:39:39 -05:00] view summary: In generateMarkdownTableRow
[Jan-13-2024 00:39:39 -05:00] view summary: In generateMarkdownTableRow
[Jan-13-2024 00:39:39 -05:00] view summary: In generateMarkdownTableRow
[Jan-13-2024 00:39:39 -05:00] view summary: In generateMarkdownTableRow
[Jan-13-2024 00:39:39 -05:00] view summary: In generateMarkdownTableRow
[Jan-13-2024 00:39:39 -05:00] view summary: [object Object]
[Jan-13-2024 00:39:39 -05:00] view summary: printed and wrote the output
[Jan-13-2024 00:40:00 -05:00] view summary: In loadExecJSONs
[Jan-13-2024 00:40:00 -05:00] view summary: got the exec JSONs
[Jan-13-2024 00:40:00 -05:00] view summary: In calculateSummariesForExecJSONs
[Jan-13-2024 00:40:00 -05:00] view summary: In calculateComplianceScoresForExecJSONs
[Jan-13-2024 00:40:00 -05:00] view summary: In calculateTotalCounts
[Jan-13-2024 00:40:00 -05:00] view summary: In calculateComplianceScoresForExecJSONs
[Jan-13-2024 00:40:00 -05:00] view summary: In calculateTotalCounts
[Jan-13-2024 00:40:00 -05:00] view summary: In calculateComplianceScoresForExecJSONs
[Jan-13-2024 00:40:00 -05:00] view summary: In calculateTotalCounts
[Jan-13-2024 00:40:00 -05:00] view summary: calulated the summaries
[Jan-13-2024 00:40:00 -05:00] view summary: In calculateTotalCountsForSummaries
[Jan-13-2024 00:40:00 -05:00] view summary: calulated the total counts for the summaries
[Jan-13-2024 00:40:00 -05:00] view summary: In calculateComplianceScoresForExecJSONs
[Jan-13-2024 00:40:00 -05:00] view summary: calulated the compliance scores
[Jan-13-2024 00:40:00 -05:00] view summary: build the printable summaries for: vmware-vsphere-8.0-stig-baseline
[Jan-13-2024 00:40:00 -05:00] view summary: In createPrintableSummary
[Jan-13-2024 00:40:00 -05:00] view summary: In extractResultSets
[Jan-13-2024 00:40:00 -05:00] view summary: build the printable summaries for: Red Hat Enterprise Linux 7 STIG
[Jan-13-2024 00:40:00 -05:00] view summary: In createPrintableSummary
[Jan-13-2024 00:40:00 -05:00] view summary: In extractResultSets
[Jan-13-2024 00:40:00 -05:00] view summary: build the printable summaries for: test_inspec_profile
[Jan-13-2024 00:40:00 -05:00] view summary: In createPrintableSummary
[Jan-13-2024 00:40:00 -05:00] view summary: In extractResultSets
[Jan-13-2024 00:40:00 -05:00] view summary: generated the printable summmaries
[Jan-13-2024 00:40:00 -05:00] view summary: In printAndWriteOutput
[Jan-13-2024 00:40:00 -05:00] view summary: In convertTomarkdown
[Jan-13-2024 00:40:00 -05:00] view summary: In generateMarkdownTableRow
[Jan-13-2024 00:40:00 -05:00] view summary: In generateMarkdownTableRow
[Jan-13-2024 00:40:00 -05:00] view summary: In generateMarkdownTableRow
[Jan-13-2024 00:40:00 -05:00] view summary: In generateMarkdownTableRow
[Jan-13-2024 00:40:00 -05:00] view summary: In generateMarkdownTableRow
[Jan-13-2024 00:40:00 -05:00] view summary: In generateMarkdownTableRow
[Jan-13-2024 00:40:00 -05:00] view summary: [object Object]
[Jan-13-2024 00:40:00 -05:00] view summary: In generateMarkdownTableRow
[Jan-13-2024 00:40:00 -05:00] view summary: In generateMarkdownTableRow
[Jan-13-2024 00:40:00 -05:00] view summary: In generateMarkdownTableRow
[Jan-13-2024 00:40:00 -05:00] view summary: In generateMarkdownTableRow
[Jan-13-2024 00:40:00 -05:00] view summary: In generateMarkdownTableRow
[Jan-13-2024 00:40:00 -05:00] view summary: In generateMarkdownTableRow
[Jan-13-2024 00:40:00 -05:00] view summary: [object Object]
[Jan-13-2024 00:40:00 -05:00] view summary: In generateMarkdownTableRow
[Jan-13-2024 00:40:00 -05:00] view summary: In generateMarkdownTableRow
[Jan-13-2024 00:40:00 -05:00] view summary: In generateMarkdownTableRow
[Jan-13-2024 00:40:00 -05:00] view summary: In generateMarkdownTableRow
[Jan-13-2024 00:40:00 -05:00] view summary: In generateMarkdownTableRow
[Jan-13-2024 00:40:00 -05:00] view summary: In generateMarkdownTableRow
[Jan-13-2024 00:40:00 -05:00] view summary: [object Object]
[Jan-13-2024 00:40:00 -05:00] view summary: printed and wrote the output
[Jan-13-2024 00:46:56 -05:00] view summary: Output written to hithere.md
[Jan-13-2024 00:47:16 -05:00] view summary: Output written to generatedMD.md
[Jan-13-2024 00:48:06 -05:00] view summary: Output written to test.md
[Jan-13-2024 00:50:40 -05:00] View Summary: Nonexistent flag: --log-level
See more help with --help
[Jan-13-2024 00:51:12 -05:00] view summary: In loadExecJSONs
[Jan-13-2024 00:51:12 -05:00] view summary: got the exec JSONs
[Jan-13-2024 00:51:12 -05:00] view summary: In calculateSummariesForExecJSONs
[Jan-13-2024 00:51:12 -05:00] view summary: In calculateComplianceScoresForExecJSONs
[Jan-13-2024 00:51:12 -05:00] view summary: In calculateTotalCounts
[Jan-13-2024 00:51:12 -05:00] view summary: In calculateComplianceScoresForExecJSONs
[Jan-13-2024 00:51:12 -05:00] view summary: In calculateTotalCounts
[Jan-13-2024 00:51:12 -05:00] view summary: In calculateComplianceScoresForExecJSONs
[Jan-13-2024 00:51:12 -05:00] view summary: In calculateTotalCounts
[Jan-13-2024 00:51:12 -05:00] view summary: calulated the summaries
[Jan-13-2024 00:51:12 -05:00] view summary: In calculateTotalCountsForSummaries
[Jan-13-2024 00:51:12 -05:00] view summary: calulated the total counts for the summaries
[Jan-13-2024 00:51:12 -05:00] view summary: In calculateComplianceScoresForExecJSONs
[Jan-13-2024 00:51:12 -05:00] view summary: calulated the compliance scores
[Jan-13-2024 00:51:12 -05:00] view summary: build the printable summaries for: vmware-vsphere-8.0-stig-baseline
[Jan-13-2024 00:51:12 -05:00] view summary: In createPrintableSummary
[Jan-13-2024 00:51:12 -05:00] view summary: In extractResultSets
[Jan-13-2024 00:51:12 -05:00] view summary: build the printable summaries for: Red Hat Enterprise Linux 7 STIG
[Jan-13-2024 00:51:12 -05:00] view summary: In createPrintableSummary
[Jan-13-2024 00:51:12 -05:00] view summary: In extractResultSets
[Jan-13-2024 00:51:12 -05:00] view summary: build the printable summaries for: test_inspec_profile
[Jan-13-2024 00:51:12 -05:00] view summary: In createPrintableSummary
[Jan-13-2024 00:51:12 -05:00] view summary: In extractResultSets
[Jan-13-2024 00:51:12 -05:00] view summary: generated the printable summmaries
[Jan-13-2024 00:51:12 -05:00] view summary: In printAndWriteOutput
[Jan-13-2024 00:51:12 -05:00] view summary: In convertTomarkdown
[Jan-13-2024 00:51:12 -05:00] view summary: In generateMarkdownTableRow
[Jan-13-2024 00:51:12 -05:00] view summary: In generateMarkdownTableRow
[Jan-13-2024 00:51:12 -05:00] view summary: In generateMarkdownTableRow
[Jan-13-2024 00:51:12 -05:00] view summary: In generateMarkdownTableRow
[Jan-13-2024 00:51:12 -05:00] view summary: In generateMarkdownTableRow
[Jan-13-2024 00:51:12 -05:00] view summary: In generateMarkdownTableRow
[Jan-13-2024 00:51:12 -05:00] view summary: [object Object]
[Jan-13-2024 00:51:12 -05:00] view summary: In generateMarkdownTableRow
[Jan-13-2024 00:51:12 -05:00] view summary: In generateMarkdownTableRow
[Jan-13-2024 00:51:12 -05:00] view summary: In generateMarkdownTableRow
[Jan-13-2024 00:51:12 -05:00] view summary: In generateMarkdownTableRow
[Jan-13-2024 00:51:12 -05:00] view summary: In generateMarkdownTableRow
[Jan-13-2024 00:51:12 -05:00] view summary: In generateMarkdownTableRow
[Jan-13-2024 00:51:12 -05:00] view summary: [object Object]
[Jan-13-2024 00:51:12 -05:00] view summary: In generateMarkdownTableRow
[Jan-13-2024 00:51:12 -05:00] view summary: In generateMarkdownTableRow
[Jan-13-2024 00:51:12 -05:00] view summary: In generateMarkdownTableRow
[Jan-13-2024 00:51:12 -05:00] view summary: In generateMarkdownTableRow
[Jan-13-2024 00:51:12 -05:00] view summary: In generateMarkdownTableRow
[Jan-13-2024 00:51:12 -05:00] view summary: In generateMarkdownTableRow
[Jan-13-2024 00:51:12 -05:00] view summary: [object Object]
[Jan-13-2024 00:51:12 -05:00] view summary: printed and wrote the output
[Jan-13-2024 00:51:12 -05:00] view summary: Output written to test.md
[Jan-13-2024 00:58:05 -05:00] view summary: Output written to test.md
[Jan-13-2024 01:17:36 -05:00] view summary: Output written to test.md
[Jan-13-2024 01:17:49 -05:00] View Summary: Nonexistent flag: --no-title_table
See more help with --help
[Jan-13-2024 01:18:03 -05:00] View Summary: Nonexistent flag: --no-title-table
See more help with --help
[Jan-13-2024 01:19:53 -05:00] view summary: Output written to test.md
[Jan-13-2024 01:20:12 -05:00] view summary: Output written to test.md
[Jan-13-2024 01:20:35 -05:00] view summary: Output written to test.md
[Jan-13-2024 01:36:52 -05:00] view summary: Output written to generatedMD.md
[Jan-13-2024 01:36:53 -05:00] View Summary: Nonexistent flag: --no-pretty
See more help with --help
[Jan-13-2024 01:36:53 -05:00] View Summary: Nonexistent flag: --pretty
See more help with --help
[Jan-13-2024 01:41:22 -05:00] view summary: Output written to generatedMD.md
